Determining if the pthread_create exist failed with the following output:
Change Dir: /home/yaowen/Desktop/project/ws/build/CMakeFiles/CMakeTmp

Run Build Command:"/usr/bin/make" "cmTryCompileExec3293377866/fast"
/usr/bin/make -f CMakeFiles/cmTryCompileExec3293377866.dir/build.make CMakeFiles/cmTryCompileExec3293377866.dir/build
make[1]: Entering directory '/home/yaowen/Desktop/project/ws/build/CMakeFiles/CMakeTmp'
/usr/bin/cmake -E cmake_progress_report /home/yaowen/Desktop/project/ws/build/CMakeFiles/CMakeTmp/CMakeFiles 1
Building C object CMakeFiles/cmTryCompileExec3293377866.dir/CheckSymbolExists.c.o
/usr/bin/cc    -o CMakeFiles/cmTryCompileExec3293377866.dir/CheckSymbolExists.c.o   -c /home/yaowen/Desktop/project/ws/build/CMakeFiles/CMakeTmp/CheckSymbolExists.c
Linking C executable cmTryCompileExec3293377866
/usr/bin/cmake -E cmake_link_script CMakeFiles/cmTryCompileExec3293377866.dir/link.txt --verbose=1
/usr/bin/cc       CMakeFiles/cmTryCompileExec3293377866.dir/CheckSymbolExists.c.o  -o cmTryCompileExec3293377866 -rdynamic 
CMakeFiles/cmTryCompileExec3293377866.dir/CheckSymbolExists.c.o: In function `main':
CheckSymbolExists.c:(.text+0x16): undefined reference to `pthread_create'
collect2: error: ld returned 1 exit status
CMakeFiles/cmTryCompileExec3293377866.dir/build.make:88: recipe for target 'cmTryCompileExec3293377866' failed
make[1]: Leaving directory '/home/yaowen/Desktop/project/ws/build/CMakeFiles/CMakeTmp'
make[1]: *** [cmTryCompileExec3293377866] Error 1
Makefile:118: recipe for target 'cmTryCompileExec3293377866/fast' failed
make: *** [cmTryCompileExec3293377866/fast] Error 2

File /home/yaowen/Desktop/project/ws/build/CMakeFiles/CMakeTmp/CheckSymbolExists.c:
/* */
#include <pthread.h>

int main(int argc, char** argv)
{
  (void)argv;
#ifndef pthread_create
  return ((int*)(&pthread_create))[argc];
#else
  (void)argc;
  return 0;
#endif
}

Determining if the function pthread_create exists in the pthreads failed with the following output:
Change Dir: /home/yaowen/Desktop/project/ws/build/CMakeFiles/CMakeTmp

Run Build Command:"/usr/bin/make" "cmTryCompileExec406144274/fast"
/usr/bin/make -f CMakeFiles/cmTryCompileExec406144274.dir/build.make CMakeFiles/cmTryCompileExec406144274.dir/build
make[1]: Entering directory '/home/yaowen/Desktop/project/ws/build/CMakeFiles/CMakeTmp'
/usr/bin/cmake -E cmake_progress_report /home/yaowen/Desktop/project/ws/build/CMakeFiles/CMakeTmp/CMakeFiles 1
Building C object CMakeFiles/cmTryCompileExec406144274.dir/CheckFunctionExists.c.o
/usr/bin/cc   -DCHECK_FUNCTION_EXISTS=pthread_create   -o CMakeFiles/cmTryCompileExec406144274.dir/CheckFunctionExists.c.o   -c /usr/share/cmake-3.0/Modules/CheckFunctionExists.c
Linking C executable cmTryCompileExec406144274
/usr/bin/cmake -E cmake_link_script CMakeFiles/cmTryCompileExec406144274.dir/link.txt --verbose=1
/usr/bin/cc   -DCHECK_FUNCTION_EXISTS=pthread_create    CMakeFiles/cmTryCompileExec406144274.dir/CheckFunctionExists.c.o  -o cmTryCompileExec406144274 -rdynamic -lpthreads 
/usr/bin/ld: cannot find -lpthreads
collect2: error: ld returned 1 exit status
CMakeFiles/cmTryCompileExec406144274.dir/build.make:88: recipe for target 'cmTryCompileExec406144274' failed
make[1]: Leaving directory '/home/yaowen/Desktop/project/ws/build/CMakeFiles/CMakeTmp'
make[1]: *** [cmTryCompileExec406144274] Error 1
Makefile:118: recipe for target 'cmTryCompileExec406144274/fast' failed
make: *** [cmTryCompileExec406144274/fast] Error 2


